<?xml version="1.0" encoding="UTF-8"?>
<testng-results ignored="0" total="1" passed="1" failed="0" skipped="0">
  <reporter-output>
  </reporter-output>
  <suite started-at="2023-01-24T06:40:17 IST" name="Interview Suite" finished-at="2023-01-24T06:40:17 IST" duration-ms="38">
    <groups>
    </groups>
    <test started-at="2023-01-24T06:40:17 IST" name="Home Page Test" finished-at="2023-01-24T06:40:17 IST" duration-ms="38">
      <class name="test1.simplePrint">
        <test-method signature="print()[pri:0, instance:test1.simplePrint@489115ef]" started-at="2023-01-24T06:40:17 IST" name="print" finished-at="2023-01-24T06:40:17 IST" duration-ms="3" status="PASS">
          <reporter-output>
          </reporter-output>
        </test-method> <!-- print -->
      </class> <!-- test1.simplePrint -->
    </test> <!-- Home Page Test -->
  </suite> <!-- Interview Suite -->
</testng-results>
